<?xml version="1.0" encoding="UTF-8"?>
<robot generator="Robot 3.2.2 (Python 3.9.1 on win32)" generated="20220906 18:06:10.697" rpa="false">
<suite id="s1" name="MainTests" source="C:\Users\Slonad\Desktop\AT_reddit\tests\MainTests\MainTests.robot">
<test id="s1-t1" name="Test Subscribe and Post">
<kw name="Subscribe Subreddit" library="SubredditsApi">
<arguments>
<arg>subreddit_name=${SUBREDDIT_NAME_TWO}</arg>
<arg>sub=sub</arg>
</arguments>
<assign>
<var>${response}</var>
</assign>
<msg timestamp="20220906 18:06:14.119" level="INFO">${response} = &lt;Response [200]&gt;</msg>
<status status="PASS" starttime="20220906 18:06:13.042" endtime="20220906 18:06:14.119"></status>
</kw>
<kw name="Should Be Equal" library="BuiltIn">
<doc>Fails if the given objects are unequal.</doc>
<arguments>
<arg>${response.status_code}</arg>
<arg>${200}</arg>
</arguments>
<status status="PASS" starttime="20220906 18:06:14.119" endtime="20220906 18:06:14.120"></status>
</kw>
<kw name="Make Post" library="SubredditsApi">
<arguments>
<arg>subreddit_name=${SUBREDDIT_NAME_TWO}</arg>
<arg>title=${TITLE}</arg>
<arg>text=${MESSAGE}</arg>
</arguments>
<assign>
<var>${response}</var>
</assign>
<msg timestamp="20220906 18:06:14.913" level="INFO">${response} = &lt;Response [200]&gt;</msg>
<status status="PASS" starttime="20220906 18:06:14.120" endtime="20220906 18:06:14.913"></status>
</kw>
<kw name="Should Be Equal" library="BuiltIn">
<doc>Fails if the given objects are unequal.</doc>
<arguments>
<arg>${response.status_code}</arg>
<arg>${200}</arg>
</arguments>
<status status="PASS" starttime="20220906 18:06:14.913" endtime="20220906 18:06:14.914"></status>
</kw>
<kw name="Run Keywords" library="BuiltIn" type="teardown">
<doc>Executes all the given keywords in a sequence.</doc>
<arguments>
<arg>SubredditsApi.subscribe_subreddit</arg>
<arg>subreddit_name=${SUBREDDIT_NAME_TWO}</arg>
<arg>sub=unsub</arg>
<arg>AND</arg>
<arg>Delete Post</arg>
<arg>${response}</arg>
</arguments>
<kw name="Subscribe Subreddit" library="SubredditsApi">
<arguments>
<arg>subreddit_name=${SUBREDDIT_NAME_TWO}</arg>
<arg>sub=unsub</arg>
</arguments>
<status status="PASS" starttime="20220906 18:06:14.914" endtime="20220906 18:06:15.485"></status>
</kw>
<kw name="Delete Post">
<arguments>
<arg>${response}</arg>
</arguments>
<kw name="Get Fullname Post" library="Tools">
<arguments>
<arg>response=${response}</arg>
</arguments>
<assign>
<var>${fullname_post}</var>
</assign>
<msg timestamp="20220906 18:06:15.486" level="INFO">${fullname_post} = t3_x7cxdp</msg>
<status status="PASS" starttime="20220906 18:06:15.486" endtime="20220906 18:06:15.486"></status>
</kw>
<kw name="Delete T Entity" library="LinksCommentsApi">
<arguments>
<arg>reddit_fullname=${fullname_post}</arg>
</arguments>
<assign>
<var>${response}</var>
</assign>
<msg timestamp="20220906 18:06:17.029" level="INFO">${response} = &lt;Response [200]&gt;</msg>
<status status="PASS" starttime="20220906 18:06:15.486" endtime="20220906 18:06:17.029"></status>
</kw>
<kw name="Should Be Equal" library="BuiltIn">
<doc>Fails if the given objects are unequal.</doc>
<arguments>
<arg>${response.status_code}</arg>
<arg>${200}</arg>
</arguments>
<status status="PASS" starttime="20220906 18:06:17.029" endtime="20220906 18:06:17.029"></status>
</kw>
<status status="PASS" starttime="20220906 18:06:15.485" endtime="20220906 18:06:17.029"></status>
</kw>
<status status="PASS" starttime="20220906 18:06:14.914" endtime="20220906 18:06:17.029"></status>
</kw>
<doc>Подписка на сабреддит и создание пустого поста</doc>
<tags>
<tag>api:online</tag>
<tag>check:positive</tag>
<tag>main_test_post</tag>
</tags>
<status status="PASS" starttime="20220906 18:06:13.041" endtime="20220906 18:06:17.030" critical="yes"></status>
</test>
<status status="PASS" starttime="20220906 18:06:10.698" endtime="20220906 18:06:17.032"></status>
</suite>
<statistics>
<total>
<stat pass="1" fail="0">Critical Tests</stat>
<stat pass="1" fail="0">All Tests</stat>
</total>
<tag>
<stat pass="1" fail="0">api:online</stat>
<stat pass="1" fail="0">check:positive</stat>
<stat pass="1" fail="0">main_test_post</stat>
</tag>
<suite>
<stat pass="1" fail="0" id="s1" name="MainTests">MainTests</stat>
</suite>
</statistics>
<errors>
</errors>
</robot>
